E, [2017-06-11T17:22:46.500206 #18639] ERROR -- Kitchen: ------Exception-------
E, [2017-06-11T17:22:46.500279 #18639] ERROR -- Kitchen: Class: Kitchen::UserError
E, [2017-06-11T17:22:46.500297 #18639] ERROR -- Kitchen: Message: Kitchen YAML file /Users/desolear/learning_chef/.kitchen.yml does not exist.
E, [2017-06-11T17:22:46.500309 #18639] ERROR -- Kitchen: ----------------------
E, [2017-06-11T17:22:46.500319 #18639] ERROR -- Kitchen: ------Backtrace-------
E, [2017-06-11T17:22:46.500328 #18639] ERROR -- Kitchen: /opt/chefdk/embedded/lib/ruby/gems/2.3.0/gems/test-kitchen-1.16.0/lib/kitchen/loader/yaml.rb:71:in `read'
E, [2017-06-11T17:22:46.500338 #18639] ERROR -- Kitchen: /opt/chefdk/embedded/lib/ruby/gems/2.3.0/gems/test-kitchen-1.16.0/lib/kitchen/config.rb:152:in `data'
E, [2017-06-11T17:22:46.500348 #18639] ERROR -- Kitchen: /opt/chefdk/embedded/lib/ruby/gems/2.3.0/gems/test-kitchen-1.16.0/lib/kitchen/config.rb:131:in `suites'
E, [2017-06-11T17:22:46.500357 #18639] ERROR -- Kitchen: /opt/chefdk/embedded/lib/ruby/gems/2.3.0/gems/test-kitchen-1.16.0/lib/kitchen/config.rb:182:in `filter_instances'
E, [2017-06-11T17:22:46.500370 #18639] ERROR -- Kitchen: /opt/chefdk/embedded/lib/ruby/gems/2.3.0/gems/test-kitchen-1.16.0/lib/kitchen/config.rb:141:in `build_instances'
E, [2017-06-11T17:22:46.500379 #18639] ERROR -- Kitchen: /opt/chefdk/embedded/lib/ruby/gems/2.3.0/gems/test-kitchen-1.16.0/lib/kitchen/config.rb:117:in `instances'
E, [2017-06-11T17:22:46.500388 #18639] ERROR -- Kitchen: /opt/chefdk/embedded/lib/ruby/gems/2.3.0/gems/test-kitchen-1.16.0/lib/kitchen/command.rb:112:in `filtered_instances'
E, [2017-06-11T17:22:46.500397 #18639] ERROR -- Kitchen: /opt/chefdk/embedded/lib/ruby/gems/2.3.0/gems/test-kitchen-1.16.0/lib/kitchen/command.rb:142:in `parse_subcommand'
E, [2017-06-11T17:22:46.500405 #18639] ERROR -- Kitchen: /opt/chefdk/embedded/lib/ruby/gems/2.3.0/gems/test-kitchen-1.16.0/lib/kitchen/command/list.rb:30:in `call'
E, [2017-06-11T17:22:46.500414 #18639] ERROR -- Kitchen: /opt/chefdk/embedded/lib/ruby/gems/2.3.0/gems/test-kitchen-1.16.0/lib/kitchen/cli.rb:53:in `perform'
E, [2017-06-11T17:22:46.500429 #18639] ERROR -- Kitchen: /opt/chefdk/embedded/lib/ruby/gems/2.3.0/gems/test-kitchen-1.16.0/lib/kitchen/cli.rb:121:in `list'
E, [2017-06-11T17:22:46.500438 #18639] ERROR -- Kitchen: /opt/chefdk/embedded/lib/ruby/gems/2.3.0/gems/thor-0.19.1/lib/thor/command.rb:27:in `run'
E, [2017-06-11T17:22:46.500446 #18639] ERROR -- Kitchen: /opt/chefdk/embedded/lib/ruby/gems/2.3.0/gems/thor-0.19.1/lib/thor/invocation.rb:126:in `invoke_command'
E, [2017-06-11T17:22:46.500464 #18639] ERROR -- Kitchen: /opt/chefdk/embedded/lib/ruby/gems/2.3.0/gems/test-kitchen-1.16.0/lib/kitchen/cli.rb:334:in `invoke_task'
E, [2017-06-11T17:22:46.500473 #18639] ERROR -- Kitchen: /opt/chefdk/embedded/lib/ruby/gems/2.3.0/gems/thor-0.19.1/lib/thor.rb:359:in `dispatch'
E, [2017-06-11T17:22:46.500481 #18639] ERROR -- Kitchen: /opt/chefdk/embedded/lib/ruby/gems/2.3.0/gems/thor-0.19.1/lib/thor/base.rb:440:in `start'
E, [2017-06-11T17:22:46.500490 #18639] ERROR -- Kitchen: /opt/chefdk/embedded/lib/ruby/gems/2.3.0/gems/test-kitchen-1.16.0/bin/kitchen:13:in `block in <top (required)>'
E, [2017-06-11T17:22:46.500498 #18639] ERROR -- Kitchen: /opt/chefdk/embedded/lib/ruby/gems/2.3.0/gems/test-kitchen-1.16.0/lib/kitchen/errors.rb:171:in `with_friendly_errors'
E, [2017-06-11T17:22:46.500506 #18639] ERROR -- Kitchen: /opt/chefdk/embedded/lib/ruby/gems/2.3.0/gems/test-kitchen-1.16.0/bin/kitchen:13:in `<top (required)>'
E, [2017-06-11T17:22:46.500514 #18639] ERROR -- Kitchen: /opt/chefdk/bin/kitchen:21:in `load'
E, [2017-06-11T17:22:46.500522 #18639] ERROR -- Kitchen: /opt/chefdk/bin/kitchen:21:in `<main>'
E, [2017-06-11T17:22:46.500530 #18639] ERROR -- Kitchen: ----End Backtrace-----
